SUCCESS:
📝 Building 41 blog posts...
  🔄 Translating 30-question-security-audit-checklist-sme-it-managers...
✓ 30-question-security-audit-checklist-sme-it-managers
  🔄 Translating audit-evidence-template-collect-map-track...
✓ audit-evidence-template-collect-map-track
  🔄 Translating audit-evidence-template-map-risks-proof-fixes...
✓ audit-evidence-template-map-risks-proof-fixes
  🔄 Translating build-practical-soc-smes-monitor-run...
✓ build-practical-soc-smes-monitor-run
  🔄 Translating cloud-cutover-runbook-waves-go-live-hypercare...
✓ cloud-cutover-runbook-waves-go-live-hypercare
  🔄 Translating cloud-migration-cutover-runbook-small-it-team...
✓ cloud-migration-cutover-runbook-small-it-team
  🔄 Translating cloud-migration-cutover-runbook-steps-roles-hypercare...
✓ cloud-migration-cutover-runbook-steps-roles-hypercare
  🔄 Translating cloud-migration-runbook-waves-cutover-hypercare...
✓ cloud-migration-runbook-waves-cutover-hypercare
  🔄 Translating cloud-misconfigurations-catch-first-microsoft-365-aws...
✓ cloud-misconfigurations-catch-first-microsoft-365-aws
  🔄 Translating cloud-misconfigurations-smes-storage-iam-basics...
✓ cloud-misconfigurations-smes-storage-iam-basics
  🔄 Translating defender-xdr-kql-detect-entra-id-token-replay-telemetry-gaps...
✓ defender-xdr-kql-detect-entra-id-token-replay-telemetry-gaps
  🔄 Translating deploy-detection-as-code-48-hours-cloud-telemetry-verification...
✓ deploy-detection-as-code-48-hours-cloud-telemetry-verification
  🔄 Translating detection-ready-baseline-24-hours-m365-azure...
✓ detection-ready-baseline-24-hours-m365-azure
  🔄 Translating dora-nis2-ready-multi-cloud-egress-control-aws-azure...
✓ dora-nis2-ready-multi-cloud-egress-control-aws-azure
  🔄 Translating ephemeral-cloud-landing-zones-drift-proof-baselines-teardown...
✓ ephemeral-cloud-landing-zones-drift-proof-baselines-teardown
  🔄 Translating ephemeral-landing-zone-6-hours-reproducible-aws-azure-foundations...
✓ ephemeral-landing-zone-6-hours-reproducible-aws-azure-foundations
  🔄 Translating ephemeral-landing-zones-under-day-safe-migrations...
✓ ephemeral-landing-zones-under-day-safe-migrations
  🔄 Translating internal-security-audit-checklist-small-it-teams...
✓ internal-security-audit-checklist-small-it-teams
  🔄 Translating it-security-audit-prep-20-evidence-items-gather-now...
✓ it-security-audit-prep-20-evidence-items-gather-now
  🔄 Translating provable-multi-cloud-egress-dora-nis2-terraform-flow-logs-policy-gates...
✓ provable-multi-cloud-egress-dora-nis2-terraform-flow-logs-policy-gates
  🔄 Translating run-security-audit-new-saas-apps-60-minutes...
✓ run-security-audit-new-saas-apps-60-minutes
  🔄 Translating secure-first-aws-account-day-one-settings...
✓ secure-first-aws-account-day-one-settings
  🔄 Translating secure-m365-10-settings-smes-review-first...
✓ secure-m365-10-settings-smes-review-first
  🔄 Translating secure-microsoft-365-tenant-one-afternoon...
✓ secure-microsoft-365-tenant-one-afternoon
  🔄 Translating security-audit-checklist-review-before-consultant...
✓ security-audit-checklist-review-before-consultant
  🔄 Translating sme-incident-response-playbook-contain-communicate-recover...
✓ sme-incident-response-playbook-contain-communicate-recover
  🔄 Translating sme-security-audit-checklist-30-days...
✓ sme-security-audit-checklist-30-days
  🔄 Translating soc-2-type-ii-ephemeral-environments-proving-change-control...
✓ soc-2-type-ii-ephemeral-environments-proving-change-control
  🔄 Translating soc-alert-triage-playbook-small-teams...
✓ soc-alert-triage-playbook-small-teams
  🔄 Translating soc-alert-triage-workflow-small-it-teams...
✓ soc-alert-triage-workflow-small-it-teams
  🔄 Translating soc-alerts-triage-playbook-small-it-teams...
✓ soc-alerts-triage-playbook-small-it-teams
  🔄 Translating soc-noise-reduction-checklist-smes-first-30-days...
✓ soc-noise-reduction-checklist-smes-first-30-days
  🔄 Translating soc-onboarding-checklist-smes-alerts-reporting...
✓ soc-onboarding-checklist-smes-alerts-reporting
  🔄 Translating soc-playbook-smes-triage-phishing-alerts-15-minutes...
✓ soc-playbook-smes-triage-phishing-alerts-15-minutes
  🔄 Translating soc-playbook-triage-escalate-sme-alerts...
✓ soc-playbook-triage-escalate-sme-alerts
  🔄 Translating soc-triage-checklist-smes-alert-escalation...
✓ soc-triage-checklist-smes-alert-escalation
  🔄 Translating soc-triage-checklist-smes-reduce-alert-noise-fast...
✓ soc-triage-checklist-smes-reduce-alert-noise-fast
  🔄 Translating zero-trace-audit-evidence-days-aws-config-azure-policy-osquery...
✓ zero-trace-audit-evidence-days-aws-config-azure-policy-osquery
  🔄 Translating zero-trace-audits-deterministic-control-mapping-tamper-evident-evidence...
✓ zero-trace-audits-deterministic-control-mapping-tamper-evident-evidence
  🔄 Translating zero-trace-cloud-audit-day-deterministic-aws-evidence...
✓ zero-trace-cloud-audit-day-deterministic-aws-evidence
  🔄 Translating zero-trace-incident-readiness-48-hours-runbooks-telemetry...
✓ zero-trace-incident-readiness-48-hours-runbooks-telemetry
✅ Blog posts compiled to C:\Users\yainf\.vscode\skynet\public\blog-data
